mode: atomic
github.com/fclairamb/afero-s3/s3_file.go:39.41,44.2 1 94
github.com/fclairamb/afero-s3/s3_file.go:47.30,47.47 1 139
github.com/fclairamb/afero-s3/s3_file.go:63.54,64.27 1 118
github.com/fclairamb/afero-s3/s3_file.go:64.27,66.3 1 38
github.com/fclairamb/afero-s3/s3_file.go:67.2,67.12 1 80
github.com/fclairamb/afero-s3/s3_file.go:67.12,69.3 1 38
github.com/fclairamb/afero-s3/s3_file.go:72.2,75.49 2 42
github.com/fclairamb/afero-s3/s3_file.go:75.49,77.3 1 17
github.com/fclairamb/afero-s3/s3_file.go:80.2,81.12 2 42
github.com/fclairamb/afero-s3/s3_file.go:81.12,83.3 1 2
github.com/fclairamb/afero-s3/s3_file.go:85.2,92.16 2 42
github.com/fclairamb/afero-s3/s3_file.go:92.16,94.3 1 0
github.com/fclairamb/afero-s3/s3_file.go:95.2,96.28 2 42
github.com/fclairamb/afero-s3/s3_file.go:96.28,98.3 1 41
github.com/fclairamb/afero-s3/s3_file.go:99.2,100.50 2 42
github.com/fclairamb/afero-s3/s3_file.go:100.50,102.3 1 17
github.com/fclairamb/afero-s3/s3_file.go:103.2,103.45 1 42
github.com/fclairamb/afero-s3/s3_file.go:103.45,104.46 1 45
github.com/fclairamb/afero-s3/s3_file.go:104.46,106.12 1 13
github.com/fclairamb/afero-s3/s3_file.go:109.3,109.116 1 32
github.com/fclairamb/afero-s3/s3_file.go:114.2,114.27 1 42
github.com/fclairamb/afero-s3/s3_file.go:114.27,116.3 1 0
github.com/fclairamb/afero-s3/s3_file.go:118.2,118.17 1 42
github.com/fclairamb/afero-s3/s3_file.go:122.52,124.6 2 38
github.com/fclairamb/afero-s3/s3_file.go:124.6,127.17 3 76
github.com/fclairamb/afero-s3/s3_file.go:127.17,128.30 1 38
github.com/fclairamb/afero-s3/s3_file.go:128.30,129.10 1 38
github.com/fclairamb/afero-s3/s3_file.go:131.4,131.19 1 0
github.com/fclairamb/afero-s3/s3_file.go:134.2,134.23 1 38
github.com/fclairamb/afero-s3/s3_file.go:149.54,151.16 2 2
github.com/fclairamb/afero-s3/s3_file.go:151.16,153.3 1 0
github.com/fclairamb/afero-s3/s3_file.go:154.2,155.23 2 2
github.com/fclairamb/afero-s3/s3_file.go:155.23,157.3 1 3
github.com/fclairamb/afero-s3/s3_file.go:158.2,158.19 1 2
github.com/fclairamb/afero-s3/s3_file.go:163.44,165.16 2 18
github.com/fclairamb/afero-s3/s3_file.go:165.16,167.3 1 16
github.com/fclairamb/afero-s3/s3_file.go:168.2,168.18 1 18
github.com/fclairamb/afero-s3/s3_file.go:172.29,174.2 1 0
github.com/fclairamb/afero-s3/s3_file.go:179.38,181.2 1 0
github.com/fclairamb/afero-s3/s3_file.go:185.51,187.2 1 19
github.com/fclairamb/afero-s3/s3_file.go:191.30,193.25 1 46
github.com/fclairamb/afero-s3/s3_file.go:193.25,195.16 1 7
github.com/fclairamb/afero-s3/s3_file.go:195.16,197.4 1 7
github.com/fclairamb/afero-s3/s3_file.go:198.3,198.30 1 7
github.com/fclairamb/afero-s3/s3_file.go:202.2,202.26 1 39
github.com/fclairamb/afero-s3/s3_file.go:202.26,203.16 1 39
github.com/fclairamb/afero-s3/s3_file.go:203.16,206.4 2 39
github.com/fclairamb/afero-s3/s3_file.go:209.3,209.47 1 39
github.com/fclairamb/afero-s3/s3_file.go:209.47,211.4 1 0
github.com/fclairamb/afero-s3/s3_file.go:215.3,217.13 3 39
github.com/fclairamb/afero-s3/s3_file.go:221.2,221.12 1 0
github.com/fclairamb/afero-s3/s3_file.go:227.44,230.16 2 14862
github.com/fclairamb/afero-s3/s3_file.go:230.16,232.3 1 14851
github.com/fclairamb/afero-s3/s3_file.go:234.2,234.15 1 14862
github.com/fclairamb/afero-s3/s3_file.go:241.63,243.16 2 1
github.com/fclairamb/afero-s3/s3_file.go:243.16,245.3 1 0
github.com/fclairamb/afero-s3/s3_file.go:246.2,247.8 2 1
github.com/fclairamb/afero-s3/s3_file.go:255.62,257.26 1 8
github.com/fclairamb/afero-s3/s3_file.go:257.26,259.3 1 1
github.com/fclairamb/afero-s3/s3_file.go:262.2,262.25 1 7
github.com/fclairamb/afero-s3/s3_file.go:262.25,264.3 1 6
github.com/fclairamb/afero-s3/s3_file.go:267.2,267.31 1 1
github.com/fclairamb/afero-s3/s3_file.go:270.66,273.16 2 6
github.com/fclairamb/afero-s3/s3_file.go:274.20,275.21 1 3
github.com/fclairamb/afero-s3/s3_file.go:276.22,277.42 1 2
github.com/fclairamb/afero-s3/s3_file.go:278.18,279.43 1 1
github.com/fclairamb/afero-s3/s3_file.go:282.2,282.45 1 6
github.com/fclairamb/afero-s3/s3_file.go:282.45,284.3 1 0
github.com/fclairamb/afero-s3/s3_file.go:285.2,287.19 2 6
github.com/fclairamb/afero-s3/s3_file.go:287.19,289.3 1 0
github.com/fclairamb/afero-s3/s3_file.go:291.2,291.47 1 6
github.com/fclairamb/afero-s3/s3_file.go:297.45,302.16 2 4053
github.com/fclairamb/afero-s3/s3_file.go:302.16,304.3 1 1
github.com/fclairamb/afero-s3/s3_file.go:306.2,306.15 1 4052
github.com/fclairamb/afero-s3/s3_file.go:309.40,310.26 1 42
github.com/fclairamb/afero-s3/s3_file.go:310.26,312.3 1 0
github.com/fclairamb/afero-s3/s3_file.go:314.2,322.12 6 42
github.com/fclairamb/afero-s3/s3_file.go:322.12,329.28 2 42
github.com/fclairamb/afero-s3/s3_file.go:329.28,331.4 1 4
github.com/fclairamb/afero-s3/s3_file.go:334.3,334.31 1 42
github.com/fclairamb/afero-s3/s3_file.go:334.31,336.4 1 40
github.com/fclairamb/afero-s3/s3_file.go:338.3,340.17 2 42
github.com/fclairamb/afero-s3/s3_file.go:340.17,343.4 2 2
github.com/fclairamb/afero-s3/s3_file.go:345.3,345.31 1 40
github.com/fclairamb/afero-s3/s3_file.go:348.2,348.12 1 42
github.com/fclairamb/afero-s3/s3_file.go:351.52,352.25 1 17
github.com/fclairamb/afero-s3/s3_file.go:352.25,354.3 1 0
github.com/fclairamb/afero-s3/s3_file.go:356.2,358.17 2 17
github.com/fclairamb/afero-s3/s3_file.go:358.17,360.3 1 6
github.com/fclairamb/afero-s3/s3_file.go:362.2,367.16 2 17
github.com/fclairamb/afero-s3/s3_file.go:367.16,369.3 1 0
github.com/fclairamb/afero-s3/s3_file.go:371.2,373.12 3 17
github.com/fclairamb/afero-s3/s3_file.go:379.64,381.16 2 1
github.com/fclairamb/afero-s3/s3_file.go:381.16,383.3 1 1
github.com/fclairamb/afero-s3/s3_file.go:384.2,385.8 2 0
github.com/fclairamb/afero-s3/s3_fileinfo.go:18.94,25.2 1 68
github.com/fclairamb/afero-s3/s3_fileinfo.go:28.34,30.2 1 47
github.com/fclairamb/afero-s3/s3_fileinfo.go:33.33,35.2 1 8
github.com/fclairamb/afero-s3/s3_fileinfo.go:41.39,42.18 1 2
github.com/fclairamb/afero-s3/s3_fileinfo.go:42.18,44.3 1 1
github.com/fclairamb/afero-s3/s3_fileinfo.go:45.2,45.13 1 1
github.com/fclairamb/afero-s3/s3_fileinfo.go:49.40,51.2 1 1
github.com/fclairamb/afero-s3/s3_fileinfo.go:54.33,56.2 1 57
github.com/fclairamb/afero-s3/s3_fileinfo.go:59.38,61.2 1 1
github.com/fclairamb/afero-s3/s3_fs.go:39.57,46.2 2 21
github.com/fclairamb/afero-s3/s3_fs.go:61.26,61.41 1 1
github.com/fclairamb/afero-s3/s3_fs.go:64.55,65.2 1 7
github.com/fclairamb/afero-s3/s3_fs.go:65.2,72.26 2 7
github.com/fclairamb/afero-s3/s3_fs.go:72.26,74.4 1 1
github.com/fclairamb/afero-s3/s3_fs.go:77.3,77.29 1 7
github.com/fclairamb/afero-s3/s3_fs.go:77.29,79.4 1 7
github.com/fclairamb/afero-s3/s3_fs.go:81.3,82.20 2 7
github.com/fclairamb/afero-s3/s3_fs.go:82.20,84.4 1 0
github.com/fclairamb/afero-s3/s3_fs.go:87.2,88.16 2 7
github.com/fclairamb/afero-s3/s3_fs.go:88.16,90.3 1 0
github.com/fclairamb/afero-s3/s3_fs.go:95.2,98.4 1 7
github.com/fclairamb/afero-s3/s3_fs.go:102.58,104.16 2 10
github.com/fclairamb/afero-s3/s3_fs.go:104.16,106.3 1 10
github.com/fclairamb/afero-s3/s3_fs.go:107.2,107.12 1 10
github.com/fclairamb/afero-s3/s3_fs.go:111.61,113.2 1 2
github.com/fclairamb/afero-s3/s3_fs.go:116.53,118.2 1 11
github.com/fclairamb/afero-s3/s3_fs.go:121.82,125.25 2 58
github.com/fclairamb/afero-s3/s3_fs.go:125.25,127.3 1 0
github.com/fclairamb/afero-s3/s3_fs.go:134.2,134.27 1 58
github.com/fclairamb/afero-s3/s3_fs.go:134.27,136.3 1 0
github.com/fclairamb/afero-s3/s3_fs.go:139.2,139.27 1 58
github.com/fclairamb/afero-s3/s3_fs.go:139.27,141.3 1 10
github.com/fclairamb/afero-s3/s3_fs.go:144.2,144.27 1 58
github.com/fclairamb/afero-s3/s3_fs.go:144.27,146.3 1 42
github.com/fclairamb/afero-s3/s3_fs.go:148.2,150.16 2 16
github.com/fclairamb/afero-s3/s3_fs.go:150.16,152.3 1 2
github.com/fclairamb/afero-s3/s3_fs.go:154.2,154.18 1 14
github.com/fclairamb/afero-s3/s3_fs.go:154.18,156.3 1 3
github.com/fclairamb/afero-s3/s3_fs.go:158.2,158.37 1 11
github.com/fclairamb/afero-s3/s3_fs.go:162.41,163.41 1 1
github.com/fclairamb/afero-s3/s3_fs.go:163.41,165.3 1 0
github.com/fclairamb/afero-s3/s3_fs.go:166.2,166.29 1 1
github.com/fclairamb/afero-s3/s3_fs.go:170.46,176.2 2 66
github.com/fclairamb/afero-s3/s3_fs.go:179.44,182.16 3 36
github.com/fclairamb/afero-s3/s3_fs.go:182.16,184.3 1 0
github.com/fclairamb/afero-s3/s3_fs.go:185.2,185.25 1 36
github.com/fclairamb/afero-s3/s3_fs.go:185.25,187.17 2 43
github.com/fclairamb/afero-s3/s3_fs.go:187.17,188.49 1 14
github.com/fclairamb/afero-s3/s3_fs.go:188.49,190.5 1 0
github.com/fclairamb/afero-s3/s3_fs.go:191.9,192.51 1 29
github.com/fclairamb/afero-s3/s3_fs.go:192.51,194.5 1 0
github.com/fclairamb/afero-s3/s3_fs.go:198.2,198.59 1 36
github.com/fclairamb/afero-s3/s3_fs.go:198.59,200.3 1 0
github.com/fclairamb/afero-s3/s3_fs.go:201.2,201.12 1 36
github.com/fclairamb/afero-s3/s3_fs.go:208.53,209.24 1 1
github.com/fclairamb/afero-s3/s3_fs.go:209.24,211.3 1 0
github.com/fclairamb/afero-s3/s3_fs.go:212.2,217.16 2 1
github.com/fclairamb/afero-s3/s3_fs.go:217.16,219.3 1 0
github.com/fclairamb/afero-s3/s3_fs.go:220.2,224.12 2 1
github.com/fclairamb/afero-s3/s3_fs.go:229.54,234.16 2 26
github.com/fclairamb/afero-s3/s3_fs.go:234.16,236.41 2 10
github.com/fclairamb/afero-s3/s3_fs.go:236.41,237.45 1 10
github.com/fclairamb/afero-s3/s3_fs.go:237.45,240.5 2 10
github.com/fclairamb/afero-s3/s3_fs.go:242.3,246.4 1 0
github.com/fclairamb/afero-s3/s3_fs.go:247.8,247.41 1 16
github.com/fclairamb/afero-s3/s3_fs.go:247.41,257.3 1 3
github.com/fclairamb/afero-s3/s3_fs.go:258.2,258.88 1 13
github.com/fclairamb/afero-s3/s3_fs.go:261.63,268.16 3 10
github.com/fclairamb/afero-s3/s3_fs.go:268.16,274.3 1 0
github.com/fclairamb/afero-s3/s3_fs.go:275.2,275.63 1 10
github.com/fclairamb/afero-s3/s3_fs.go:275.63,281.3 1 5
github.com/fclairamb/afero-s3/s3_fs.go:282.2,282.68 1 5
github.com/fclairamb/afero-s3/s3_fs.go:286.58,292.9 4 3
github.com/fclairamb/afero-s3/s3_fs.go:293.31,294.28 1 1
github.com/fclairamb/afero-s3/s3_fs.go:295.17,296.22 1 1
github.com/fclairamb/afero-s3/s3_fs.go:297.10,298.18 1 1
github.com/fclairamb/afero-s3/s3_fs.go:301.2,306.12 2 3
github.com/fclairamb/afero-s3/s3_fs.go:310.42,312.2 1 1
github.com/fclairamb/afero-s3/s3_fs.go:316.56,318.2 1 1
github.com/fclairamb/afero-s3/s3_fs.go:322.78,323.18 1 1
github.com/fclairamb/afero-s3/s3_fs.go:323.18,325.3 1 0
github.com/fclairamb/afero-s3/s3_fs.go:327.2,327.27 1 1
github.com/fclairamb/afero-s3/s3_fs.go:327.27,329.3 1 1
github.com/fclairamb/afero-s3/s3_fs.go:331.2,331.26 1 1
github.com/fclairamb/afero-s3/s3_fs.go:331.26,333.3 1 0
github.com/fclairamb/afero-s3/s3_fs.go:336.81,337.18 1 4
github.com/fclairamb/afero-s3/s3_fs.go:337.18,339.3 1 0
github.com/fclairamb/afero-s3/s3_fs.go:341.2,341.27 1 4
github.com/fclairamb/afero-s3/s3_fs.go:341.27,343.3 1 2
github.com/fclairamb/afero-s3/s3_fs.go:345.2,345.26 1 4
github.com/fclairamb/afero-s3/s3_fs.go:345.26,347.3 1 2
